# JRE version: OpenJDK Runtime Environment (17.0.13+5) (build 17.0.13+5-void-r1)
# Java VM: OpenJDK 64-Bit Server VM (17.0.13+5-void-r1, mixed mode, sharing, tiered, compressed oops, compressed class ptrs, g1 gc, linux-amd64)
GC Precious Log:
 CPUs: 4 total, 4 available
 Memory: 15899M
 Large Page Support: Disabled
 NUMA Support: Disabled
 Compressed Oops: Enabled (Zero based)
 Heap Region Size: 2M
 Heap Min Capacity: 8M
 Heap Initial Capacity: 250M
 Heap Max Capacity: 3976M
 Pre-touch: Disabled
 Parallel Workers: 4
 Concurrent Workers: 1
 Concurrent Refinement Workers: 4
 Periodic GC: Disabled
Heap:
 garbage-first heap   total 378880K, used 93361K [0x0000000707800000, 0x0000000800000000)
  region size 2048K, 36 young (73728K), 3 survivors (6144K)
 Metaspace       used 35310K, committed 35648K, reserved 1114112K
  class space    used 3699K, committed 3840K, reserved 1048576K
GC Heap History (20 events):
Event: 21.467 GC heap before
{Heap before GC invocations=29 (full 0):
 garbage-first heap   total 217088K, used 147383K [0x0000000707800000, 0x0000000800000000)
  region size 2048K, 63 young (129024K), 3 survivors (6144K)
 Metaspace       used 34690K, committed 35008K, reserved 1114112K
  class space    used 3643K, committed 3776K, reserved 1048576K
}
Event: 21.481 GC heap after
{Heap after GC invocations=30 (full 0):
 garbage-first heap   total 262144K, used 25450K [0x0000000707800000, 0x0000000800000000)
  region size 2048K, 4 young (8192K), 4 survivors (8192K)
 Metaspace       used 34690K, committed 35008K, reserved 1114112K
  class space    used 3643K, committed 3776K, reserved 1048576K
}
Event: 22.411 GC heap before
{Heap before GC invocations=30 (full 0):
 garbage-first heap   total 262144K, used 172906K [0x0000000707800000, 0x0000000800000000)
  region size 2048K, 76 young (155648K), 4 survivors (8192K)
 Metaspace       used 34711K, committed 35072K, reserved 1114112K
  class space    used 3643K, committed 3776K, reserved 1048576K
}
Event: 22.424 GC heap after
{Heap after GC invocations=31 (full 0):
 garbage-first heap   total 262144K, used 24134K [0x0000000707800000, 0x0000000800000000)
  region size 2048K, 3 young (6144K), 3 survivors (6144K)
 Metaspace       used 34711K, committed 35072K, reserved 1114112K
  class space    used 3643K, committed 3776K, reserved 1048576K
}
Event: 23.018 GC heap before
{Heap before GC invocations=31 (full 0):
 garbage-first heap   total 262144K, used 173638K [0x0000000707800000, 0x0000000800000000)
  region size 2048K, 76 young (155648K), 3 survivors (6144K)
 Metaspace       used 34714K, committed 35072K, reserved 1114112K
  class space    used 3643K, committed 3776K, reserved 1048576K
}
Event: 23.032 GC heap after
{Heap after GC invocations=32 (full 0):
 garbage-first heap   total 262144K, used 25199K [0x0000000707800000, 0x0000000800000000)
  region size 2048K, 4 young (8192K), 4 survivors (8192K)
 Metaspace       used 34714K, committed 35072K, reserved 1114112K
  class space    used 3643K, committed 3776K, reserved 1048576K
}
Event: 23.637 GC heap before
{Heap before GC invocations=32 (full 0):
 garbage-first heap   total 262144K, used 172655K [0x0000000707800000, 0x0000000800000000)
  region size 2048K, 76 young (155648K), 4 survivors (8192K)
 Metaspace       used 34715K, committed 35072K, reserved 1114112K
  class space    used 3643K, committed 3776K, reserved 1048576K
}
Event: 23.650 GC heap after
{Heap after GC invocations=33 (full 0):
 garbage-first heap   total 262144K, used 26194K [0x0000000707800000, 0x0000000800000000)
  region size 2048K, 4 young (8192K), 4 survivors (8192K)
 Metaspace       used 34715K, committed 35072K, reserved 1114112K
  class space    used 3643K, committed 3776K, reserved 1048576K
}
Event: 24.287 GC heap before
{Heap before GC invocations=33 (full 0):
 garbage-first heap   total 262144K, used 173650K [0x0000000707800000, 0x0000000800000000)
  region size 2048K, 76 young (155648K), 4 survivors (8192K)
 Metaspace       used 34718K, committed 35072K, reserved 1114112K
  class space    used 3643K, committed 3776K, reserved 1048576K
}
Event: 24.302 GC heap after
{Heap after GC invocations=34 (full 0):
 garbage-first heap   total 315392K, used 24342K [0x0000000707800000, 0x0000000800000000)
  region size 2048K, 3 young (6144K), 3 survivors (6144K)
 Metaspace       used 34718K, committed 35072K, reserved 1114112K
  class space    used 3643K, committed 3776K, reserved 1048576K
}
Event: 25.006 GC heap before
{Heap before GC invocations=34 (full 0):
 garbage-first heap   total 315392K, used 206614K [0x0000000707800000, 0x0000000800000000)
  region size 2048K, 92 young (188416K), 3 survivors (6144K)
 Metaspace       used 34718K, committed 35072K, reserved 1114112K
  class space    used 3643K, committed 3776K, reserved 1048576K
}
Event: 25.021 GC heap after
{Heap after GC invocations=35 (full 0):
 garbage-first heap   total 315392K, used 26053K [0x0000000707800000, 0x0000000800000000)
  region size 2048K, 4 young (8192K), 4 survivors (8192K)
 Metaspace       used 34718K, committed 35072K, reserved 1114112K
  class space    used 3643K, committed 3776K, reserved 1048576K
}
Event: 25.768 GC heap before
{Heap before GC invocations=35 (full 0):
 garbage-first heap   total 315392K, used 206277K [0x0000000707800000, 0x0000000800000000)
  region size 2048K, 92 young (188416K), 4 survivors (8192K)
 Metaspace       used 34720K, committed 35072K, reserved 1114112K
  class space    used 3643K, committed 3776K, reserved 1048576K
}
Event: 25.788 GC heap after
{Heap after GC invocations=36 (full 0):
 garbage-first heap   total 315392K, used 26877K [0x0000000707800000, 0x0000000800000000)
  region size 2048K, 3 young (6144K), 3 survivors (6144K)
 Metaspace       used 34720K, committed 35072K, reserved 1114112K
  class space    used 3643K, committed 3776K, reserved 1048576K
}
Event: 26.577 GC heap before
{Heap before GC invocations=36 (full 0):
 garbage-first heap   total 315392K, used 209149K [0x0000000707800000, 0x0000000800000000)
  region size 2048K, 92 young (188416K), 3 survivors (6144K)
 Metaspace       used 34723K, committed 35072K, reserved 1114112K
  class space    used 3643K, committed 3776K, reserved 1048576K
}
Event: 26.586 GC heap after
{Heap after GC invocations=37 (full 0):
 garbage-first heap   total 315392K, used 24693K [0x0000000707800000, 0x0000000800000000)
  region size 2048K, 2 young (4096K), 2 survivors (4096K)
 Metaspace       used 34723K, committed 35072K, reserved 1114112K
  class space    used 3643K, committed 3776K, reserved 1048576K
}
Event: 27.248 GC heap before
{Heap before GC invocations=37 (full 0):
 garbage-first heap   total 315392K, used 209013K [0x0000000707800000, 0x0000000800000000)
  region size 2048K, 92 young (188416K), 2 survivors (4096K)
 Metaspace       used 34723K, committed 35072K, reserved 1114112K
  class space    used 3643K, committed 3776K, reserved 1048576K
}
Event: 27.257 GC heap after
{Heap after GC invocations=38 (full 0):
 garbage-first heap   total 315392K, used 26612K [0x0000000707800000, 0x0000000800000000)
  region size 2048K, 3 young (6144K), 3 survivors (6144K)
 Metaspace       used 34723K, committed 35072K, reserved 1114112K
  class space    used 3643K, committed 3776K, reserved 1048576K
}
Event: 27.971 GC heap before
{Heap before GC invocations=38 (full 0):
 garbage-first heap   total 315392K, used 208884K [0x0000000707800000, 0x0000000800000000)
  region size 2048K, 92 young (188416K), 3 survivors (6144K)
 Metaspace       used 34723K, committed 35072K, reserved 1114112K
  class space    used 3643K, committed 3776K, reserved 1048576K
}
Event: 27.981 GC heap after
{Heap after GC invocations=39 (full 0):
 garbage-first heap   total 378880K, used 27825K [0x0000000707800000, 0x0000000800000000)
  region size 2048K, 3 young (6144K), 3 survivors (6144K)
 Metaspace       used 34723K, committed 35072K, reserved 1114112K
  class space    used 3643K, committed 3776K, reserved 1048576K
}

