# JRE version: OpenJDK Runtime Environment (17.0.13+5) (build 17.0.13+5-void-r1)
# Java VM: OpenJDK 64-Bit Server VM (17.0.13+5-void-r1, mixed mode, sharing, tiered, compressed oops, compressed class ptrs, g1 gc, linux-amd64)
GC Precious Log:
 CPUs: 4 total, 4 available
 Memory: 15899M
 Large Page Support: Disabled
 NUMA Support: Disabled
 Compressed Oops: Enabled (Zero based)
 Heap Region Size: 2M
 Heap Min Capacity: 8M
 Heap Initial Capacity: 250M
 Heap Max Capacity: 3976M
 Pre-touch: Disabled
 Parallel Workers: 4
 Concurrent Workers: 1
 Concurrent Refinement Workers: 4
 Periodic GC: Disabled
Heap:
 garbage-first heap   total 329728K, used 80822K [0x0000000707800000, 0x0000000800000000)
  region size 2048K, 30 young (61440K), 3 survivors (6144K)
 Metaspace       used 35338K, committed 35648K, reserved 1114112K
  class space    used 3705K, committed 3840K, reserved 1048576K
GC Heap History (20 events):
Event: 22.193 GC heap before
{Heap before GC invocations=31 (full 0):
 garbage-first heap   total 219136K, used 147999K [0x0000000707800000, 0x0000000800000000)
  region size 2048K, 64 young (131072K), 4 survivors (8192K)
 Metaspace       used 34704K, committed 35008K, reserved 1114112K
  class space    used 3649K, committed 3776K, reserved 1048576K
}
Event: 22.208 GC heap after
{Heap after GC invocations=32 (full 0):
 garbage-first heap   total 219136K, used 23499K [0x0000000707800000, 0x0000000800000000)
  region size 2048K, 3 young (6144K), 3 survivors (6144K)
 Metaspace       used 34704K, committed 35008K, reserved 1114112K
  class space    used 3649K, committed 3776K, reserved 1048576K
}
Event: 22.838 GC heap before
{Heap before GC invocations=32 (full 0):
 garbage-first heap   total 219136K, used 148427K [0x0000000707800000, 0x0000000800000000)
  region size 2048K, 64 young (131072K), 3 survivors (6144K)
 Metaspace       used 34734K, committed 35072K, reserved 1114112K
  class space    used 3649K, committed 3776K, reserved 1048576K
}
Event: 22.856 GC heap after
{Heap after GC invocations=33 (full 0):
 garbage-first heap   total 264192K, used 24283K [0x0000000707800000, 0x0000000800000000)
  region size 2048K, 3 young (6144K), 3 survivors (6144K)
 Metaspace       used 34734K, committed 35072K, reserved 1114112K
  class space    used 3649K, committed 3776K, reserved 1048576K
}
Event: 23.808 GC heap before
{Heap before GC invocations=33 (full 0):
 garbage-first heap   total 264192K, used 175835K [0x0000000707800000, 0x0000000800000000)
  region size 2048K, 77 young (157696K), 3 survivors (6144K)
 Metaspace       used 34738K, committed 35072K, reserved 1114112K
  class space    used 3649K, committed 3776K, reserved 1048576K
}
Event: 23.824 GC heap after
{Heap after GC invocations=34 (full 0):
 garbage-first heap   total 264192K, used 25192K [0x0000000707800000, 0x0000000800000000)
  region size 2048K, 4 young (8192K), 4 survivors (8192K)
 Metaspace       used 34738K, committed 35072K, reserved 1114112K
  class space    used 3649K, committed 3776K, reserved 1048576K
}
Event: 24.556 GC heap before
{Heap before GC invocations=34 (full 0):
 garbage-first heap   total 264192K, used 174696K [0x0000000707800000, 0x0000000800000000)
  region size 2048K, 77 young (157696K), 4 survivors (8192K)
 Metaspace       used 34738K, committed 35072K, reserved 1114112K
  class space    used 3649K, committed 3776K, reserved 1048576K
}
Event: 24.574 GC heap after
{Heap after GC invocations=35 (full 0):
 garbage-first heap   total 264192K, used 25943K [0x0000000707800000, 0x0000000800000000)
  region size 2048K, 4 young (8192K), 4 survivors (8192K)
 Metaspace       used 34738K, committed 35072K, reserved 1114112K
  class space    used 3649K, committed 3776K, reserved 1048576K
}
Event: 25.137 GC heap before
{Heap before GC invocations=35 (full 0):
 garbage-first heap   total 264192K, used 175447K [0x0000000707800000, 0x0000000800000000)
  region size 2048K, 77 young (157696K), 4 survivors (8192K)
 Metaspace       used 34739K, committed 35072K, reserved 1114112K
  class space    used 3649K, committed 3776K, reserved 1048576K
}
Event: 25.165 GC heap after
{Heap after GC invocations=36 (full 0):
 garbage-first heap   total 264192K, used 24332K [0x0000000707800000, 0x0000000800000000)
  region size 2048K, 2 young (4096K), 2 survivors (4096K)
 Metaspace       used 34739K, committed 35072K, reserved 1114112K
  class space    used 3649K, committed 3776K, reserved 1048576K
}
Event: 25.773 GC heap before
{Heap before GC invocations=36 (full 0):
 garbage-first heap   total 264192K, used 177932K [0x0000000707800000, 0x0000000800000000)
  region size 2048K, 77 young (157696K), 2 survivors (4096K)
 Metaspace       used 34741K, committed 35072K, reserved 1114112K
  class space    used 3649K, committed 3776K, reserved 1048576K
}
Event: 25.787 GC heap after
{Heap after GC invocations=37 (full 0):
 garbage-first heap   total 329728K, used 25466K [0x0000000707800000, 0x0000000800000000)
  region size 2048K, 3 young (6144K), 3 survivors (6144K)
 Metaspace       used 34741K, committed 35072K, reserved 1114112K
  class space    used 3649K, committed 3776K, reserved 1048576K
}
Event: 26.819 GC heap before
{Heap before GC invocations=37 (full 0):
 garbage-first heap   total 329728K, used 215930K [0x0000000707800000, 0x0000000800000000)
  region size 2048K, 96 young (196608K), 3 survivors (6144K)
 Metaspace       used 34741K, committed 35072K, reserved 1114112K
  class space    used 3649K, committed 3776K, reserved 1048576K
}
Event: 26.830 GC heap after
{Heap after GC invocations=38 (full 0):
 garbage-first heap   total 329728K, used 26606K [0x0000000707800000, 0x0000000800000000)
  region size 2048K, 3 young (6144K), 3 survivors (6144K)
 Metaspace       used 34741K, committed 35072K, reserved 1114112K
  class space    used 3649K, committed 3776K, reserved 1048576K
}
Event: 27.544 GC heap before
{Heap before GC invocations=38 (full 0):
 garbage-first heap   total 329728K, used 217070K [0x0000000707800000, 0x0000000800000000)
  region size 2048K, 96 young (196608K), 3 survivors (6144K)
 Metaspace       used 34747K, committed 35072K, reserved 1114112K
  class space    used 3649K, committed 3776K, reserved 1048576K
}
Event: 27.552 GC heap after
{Heap after GC invocations=39 (full 0):
 garbage-first heap   total 329728K, used 25201K [0x0000000707800000, 0x0000000800000000)
  region size 2048K, 2 young (4096K), 2 survivors (4096K)
 Metaspace       used 34747K, committed 35072K, reserved 1114112K
  class space    used 3649K, committed 3776K, reserved 1048576K
}
Event: 28.202 GC heap before
{Heap before GC invocations=39 (full 0):
 garbage-first heap   total 329728K, used 217713K [0x0000000707800000, 0x0000000800000000)
  region size 2048K, 96 young (196608K), 2 survivors (4096K)
 Metaspace       used 34747K, committed 35072K, reserved 1114112K
  class space    used 3649K, committed 3776K, reserved 1048576K
}
Event: 28.212 GC heap after
{Heap after GC invocations=40 (full 0):
 garbage-first heap   total 329728K, used 26901K [0x0000000707800000, 0x0000000800000000)
  region size 2048K, 3 young (6144K), 3 survivors (6144K)
 Metaspace       used 34747K, committed 35072K, reserved 1114112K
  class space    used 3649K, committed 3776K, reserved 1048576K
}
Event: 29.031 GC heap before
{Heap before GC invocations=40 (full 0):
 garbage-first heap   total 329728K, used 217365K [0x0000000707800000, 0x0000000800000000)
  region size 2048K, 96 young (196608K), 3 survivors (6144K)
 Metaspace       used 34747K, committed 35072K, reserved 1114112K
  class space    used 3649K, committed 3776K, reserved 1048576K
}
Event: 29.046 GC heap after
{Heap after GC invocations=41 (full 0):
 garbage-first heap   total 329728K, used 27574K [0x0000000707800000, 0x0000000800000000)
  region size 2048K, 3 young (6144K), 3 survivors (6144K)
 Metaspace       used 34747K, committed 35072K, reserved 1114112K
  class space    used 3649K, committed 3776K, reserved 1048576K
}

