TN:
SF:/home/hajuj/cpachecker/../sv-benchmarks/c/eca-rers2018/Problem10.c
FN:1284,calculate_output
#FN:1349
FN:735,calculate_outputm1
#FN:739
FN:914,calculate_outputm11
#FN:921
FN:1060,calculate_outputm113
#FN:1080
FN:1086,calculate_outputm119
#FN:1108
FN:944,calculate_outputm12
#FN:948
FN:1109,calculate_outputm120
#FN:1131
FN:1140,calculate_outputm129
#FN:1166
FN:969,calculate_outputm13
#FN:973
FN:1172,calculate_outputm131
#FN:1193
FN:1194,calculate_outputm137
#FN:1213
FN:1222,calculate_outputm139
#FN:1237
FN:1243,calculate_outputm145
#FN:1250
FN:1256,calculate_outputm152
#FN:1277
FN:1004,calculate_outputm16
#FN:1008
FN:1052,calculate_outputm17
#FN:1059
FN:760,calculate_outputm2
#FN:764
FN:1081,calculate_outputm22
#FN:1085
FN:1132,calculate_outputm23
#FN:1139
FN:1167,calculate_outputm27
#FN:1171
FN:1214,calculate_outputm28
#FN:1221
FN:1238,calculate_outputm29
#FN:1242
FN:1251,calculate_outputm30
#FN:1255
FN:1278,calculate_outputm32
#FN:1282
FN:714,calculate_outputm37
#FN:734
FN:740,calculate_outputm41
#FN:759
FN:795,calculate_outputm5
#FN:802
FN:765,calculate_outputm58
#FN:778
FN:779,calculate_outputm59
#FN:794
FN:803,calculate_outputm65
#FN:818
FN:824,calculate_outputm69
#FN:843
FN:819,calculate_outputm7
#FN:823
FN:844,calculate_outputm71
#FN:864
FN:873,calculate_outputm77
#FN:888
FN:889,calculate_outputm79
#FN:913
FN:865,calculate_outputm8
#FN:872
FN:922,calculate_outputm81
#FN:943
FN:949,calculate_outputm85
#FN:968
FN:974,calculate_outputm95
#FN:1003
FN:1009,calculate_outputm96
#FN:1029
FN:1030,calculate_outputm97
#FN:1051
FN:312,errorCheck
#FN:713
FN:1351,main
#FN:1364
FN:12,reach_error
#FN:12
FN:15,reach_error_0
#FN:15
FN:16,reach_error_1
#FN:16
FN:25,reach_error_10
#FN:25
FN:26,reach_error_11
#FN:26
FN:27,reach_error_12
#FN:27
FN:28,reach_error_13
#FN:28
FN:29,reach_error_14
#FN:29
FN:30,reach_error_15
#FN:30
FN:31,reach_error_16
#FN:31
FN:32,reach_error_17
#FN:32
FN:33,reach_error_18
#FN:33
FN:34,reach_error_19
#FN:34
FN:17,reach_error_2
#FN:17
FN:35,reach_error_20
#FN:35
FN:36,reach_error_21
#FN:36
FN:37,reach_error_22
#FN:37
FN:38,reach_error_23
#FN:38
FN:39,reach_error_24
#FN:39
FN:40,reach_error_25
#FN:40
FN:41,reach_error_26
#FN:41
FN:42,reach_error_27
#FN:42
FN:43,reach_error_28
#FN:43
FN:44,reach_error_29
#FN:44
FN:18,reach_error_3
#FN:18
FN:45,reach_error_30
#FN:45
FN:46,reach_error_31
#FN:46
FN:47,reach_error_32
#FN:47
FN:48,reach_error_33
#FN:48
FN:49,reach_error_34
#FN:49
FN:50,reach_error_35
#FN:50
FN:51,reach_error_36
#FN:51
FN:52,reach_error_37
#FN:52
FN:53,reach_error_38
#FN:53
FN:54,reach_error_39
#FN:54
FN:19,reach_error_4
#FN:19
FN:55,reach_error_40
#FN:55
FN:56,reach_error_41
#FN:56
FN:57,reach_error_42
#FN:57
FN:58,reach_error_43
#FN:58
FN:59,reach_error_44
#FN:59
FN:60,reach_error_45
#FN:60
FN:61,reach_error_46
#FN:61
FN:62,reach_error_47
#FN:62
FN:63,reach_error_48
#FN:63
FN:64,reach_error_49
#FN:64
FN:20,reach_error_5
#FN:20
FN:65,reach_error_50
#FN:65
FN:66,reach_error_51
#FN:66
FN:67,reach_error_52
#FN:67
FN:68,reach_error_53
#FN:68
FN:69,reach_error_54
#FN:69
FN:70,reach_error_55
#FN:70
FN:71,reach_error_56
#FN:71
FN:72,reach_error_57
#FN:72
FN:73,reach_error_58
#FN:73
FN:74,reach_error_59
#FN:74
FN:21,reach_error_6
#FN:21
FN:75,reach_error_60
#FN:75
FN:76,reach_error_61
#FN:76
FN:77,reach_error_62
#FN:77
FN:78,reach_error_63
#FN:78
FN:79,reach_error_64
#FN:79
FN:80,reach_error_65
#FN:80
FN:81,reach_error_66
#FN:81
FN:82,reach_error_67
#FN:82
FN:83,reach_error_68
#FN:83
FN:84,reach_error_69
#FN:84
FN:22,reach_error_7
#FN:22
FN:85,reach_error_70
#FN:85
FN:86,reach_error_71
#FN:86
FN:87,reach_error_72
#FN:87
FN:88,reach_error_73
#FN:88
FN:89,reach_error_74
#FN:89
FN:90,reach_error_75
#FN:90
FN:91,reach_error_76
#FN:91
FN:92,reach_error_77
#FN:92
FN:93,reach_error_78
#FN:93
FN:94,reach_error_79
#FN:94
FN:23,reach_error_8
#FN:23
FN:95,reach_error_80
#FN:95
FN:96,reach_error_81
#FN:96
FN:97,reach_error_82
#FN:97
FN:98,reach_error_83
#FN:98
FN:99,reach_error_84
#FN:99
FN:100,reach_error_85
#FN:100
FN:101,reach_error_86
#FN:101
FN:102,reach_error_87
#FN:102
FN:103,reach_error_88
#FN:103
FN:104,reach_error_89
#FN:104
FN:24,reach_error_9
#FN:24
FN:105,reach_error_90
#FN:105
FN:106,reach_error_91
#FN:106
FN:107,reach_error_92
#FN:107
FN:108,reach_error_93
#FN:108
FN:109,reach_error_94
#FN:109
FN:110,reach_error_95
#FN:110
FN:111,reach_error_96
#FN:111
FN:112,reach_error_97
#FN:112
FN:113,reach_error_98
#FN:113
FN:114,reach_error_99
#FN:114
FN:14,reach_error_a
#FN:14
FN:13,reach_error_b
#FN:13
FNDA:1,main
FNDA:2,calculate_output
FNDA:2,calculate_outputm1
FNDA:2,calculate_outputm37
FNDA:2,calculate_outputm2
FNDA:2,calculate_outputm41
FNDA:2,calculate_outputm5
FNDA:2,calculate_outputm58
FNDA:2,calculate_outputm59
FNDA:2,calculate_outputm7
FNDA:2,calculate_outputm65
FNDA:2,calculate_outputm8
FNDA:2,calculate_outputm69
FNDA:2,calculate_outputm71
FNDA:2,calculate_outputm11
FNDA:2,calculate_outputm77
FNDA:2,calculate_outputm79
FNDA:2,calculate_outputm12
FNDA:2,calculate_outputm81
FNDA:2,calculate_outputm13
FNDA:2,calculate_outputm85
FNDA:2,calculate_outputm16
FNDA:2,calculate_outputm95
FNDA:2,calculate_outputm17
FNDA:2,calculate_outputm96
FNDA:2,calculate_outputm97
FNDA:2,calculate_outputm22
FNDA:2,calculate_outputm113
FNDA:2,calculate_outputm23
FNDA:2,calculate_outputm119
FNDA:2,calculate_outputm120
FNDA:2,calculate_outputm27
FNDA:2,calculate_outputm129
FNDA:2,calculate_outputm28
FNDA:2,calculate_outputm131
FNDA:2,calculate_outputm137
FNDA:2,calculate_outputm29
FNDA:2,calculate_outputm139
FNDA:2,calculate_outputm30
FNDA:2,calculate_outputm145
FNDA:2,calculate_outputm32
FNDA:2,calculate_outputm152
FNDA:2,errorCheck
FNDA:2,reach_error_0
FNDA:91,reach_error_a
FNDA:2,reach_error_1
FNDA:2,reach_error_2
FNDA:2,reach_error_3
FNDA:2,reach_error_4
FNDA:16,reach_error_b
FNDA:2,reach_error_5
FNDA:2,reach_error_6
FNDA:1,reach_error_7
FNDA:1,reach_error_8
FNDA:1,reach_error_9
FNDA:1,reach_error_10
FNDA:1,reach_error_11
FNDA:1,reach_error_12
FNDA:1,reach_error_13
FNDA:1,reach_error_14
FNDA:1,reach_error_15
FNDA:1,reach_error_16
FNDA:1,reach_error_17
FNDA:1,reach_error_18
FNDA:1,reach_error_19
FNDA:1,reach_error_20
FNDA:1,reach_error_21
FNDA:1,reach_error_22
FNDA:1,reach_error_23
FNDA:1,reach_error_24
FNDA:1,reach_error_25
FNDA:1,reach_error_26
FNDA:1,reach_error_27
FNDA:1,reach_error_28
FNDA:1,reach_error_29
FNDA:1,reach_error_30
FNDA:1,reach_error_31
FNDA:1,reach_error_32
FNDA:1,reach_error_33
FNDA:1,reach_error_34
FNDA:1,reach_error_35
FNDA:1,reach_error_36
FNDA:1,reach_error_37
FNDA:1,reach_error_38
FNDA:1,reach_error_39
FNDA:1,reach_error_40
FNDA:1,reach_error_41
FNDA:1,reach_error_42
FNDA:1,reach_error_43
FNDA:1,reach_error_44
FNDA:1,reach_error_45
FNDA:1,reach_error_46
FNDA:1,reach_error_47
FNDA:1,reach_error_48
FNDA:1,reach_error_49
FNDA:1,reach_error_50
FNDA:1,reach_error_51
FNDA:1,reach_error_52
FNDA:1,reach_error_53
FNDA:1,reach_error_54
FNDA:1,reach_error_55
FNDA:1,reach_error_56
FNDA:1,reach_error_57
FNDA:1,reach_error_58
FNDA:1,reach_error_59
FNDA:1,reach_error_60
FNDA:1,reach_error_61
FNDA:1,reach_error_62
FNDA:1,reach_error_63
FNDA:1,reach_error_64
FNDA:1,reach_error_65
FNDA:1,reach_error_66
FNDA:1,reach_error_67
FNDA:1,reach_error_68
FNDA:1,reach_error_69
FNDA:1,reach_error_70
FNDA:1,reach_error_71
FNDA:1,reach_error_72
FNDA:1,reach_error_73
FNDA:1,reach_error_74
FNDA:1,reach_error_75
FNDA:1,reach_error_76
FNDA:1,reach_error_77
FNDA:1,reach_error_78
FNDA:1,reach_error_79
FNDA:1,reach_error_80
FNDA:1,reach_error_81
FNDA:1,reach_error_82
FNDA:1,reach_error_83
FNDA:1,reach_error_84
FNDA:1,reach_error_85
FNDA:1,reach_error_86
FNDA:1,reach_error_87
FNDA:1,reach_error_88
FNDA:1,reach_error_89
FNDA:1,reach_error_90
FNDA:1,reach_error_91
FNDA:1,reach_error_92
FNDA:1,reach_error_93
FNDA:1,reach_error_94
FNDA:1,reach_error_95
FNDA:1,reach_error_96
FNDA:1,reach_error_97
FNDA:1,reach_error_98
FNDA:1,reach_error_99
FNDA:1,reach_error
DA:12,0
DA:13,1
DA:14,0
DA:15,2
DA:16,2
DA:17,2
DA:18,2
DA:19,2
DA:20,2
DA:21,2
DA:22,1
DA:23,1
DA:24,1
DA:25,1
DA:26,1
DA:27,1
DA:28,1
DA:29,1
DA:30,1
DA:31,1
DA:32,1
DA:33,1
DA:34,1
DA:35,1
DA:36,1
DA:37,1
DA:38,1
DA:39,1
DA:40,1
DA:41,1
DA:42,1
DA:43,1
DA:44,1
DA:45,1
DA:46,1
DA:47,1
DA:48,1
DA:49,1
DA:50,1
DA:51,1
DA:52,1
DA:53,1
DA:54,1
DA:55,1
DA:56,1
DA:57,1
DA:58,1
DA:59,1
DA:60,1
DA:61,1
DA:62,1
DA:63,1
DA:64,1
DA:65,1
DA:66,1
DA:67,1
DA:68,1
DA:69,1
DA:70,1
DA:71,1
DA:72,1
DA:73,1
DA:74,1
DA:75,1
DA:76,1
DA:77,1
DA:78,1
DA:79,1
DA:80,1
DA:81,1
DA:82,1
DA:83,1
DA:84,1
DA:85,1
DA:86,1
DA:87,1
DA:88,1
DA:89,1
DA:90,1
DA:91,1
DA:92,1
DA:93,1
DA:94,1
DA:95,1
DA:96,1
DA:97,1
DA:98,1
DA:99,1
DA:100,1
DA:101,1
DA:102,1
DA:103,1
DA:104,1
DA:105,1
DA:106,1
DA:107,1
DA:108,1
DA:109,1
DA:110,1
DA:111,1
DA:112,1
DA:113,1
DA:114,1
DA:1348,3
DA:313,12
DA:317,12
DA:314,2
DA:315,2
DA:321,12
DA:318,2
DA:319,2
DA:325,12
DA:322,2
DA:323,2
DA:329,12
DA:326,2
DA:327,2
DA:333,12
DA:330,2
DA:331,2
DA:337,12
DA:334,2
DA:335,2
DA:341,6
DA:338,2
DA:339,2
DA:345,6
DA:342,1
DA:343,1
DA:349,6
DA:346,1
DA:347,1
DA:353,6
DA:350,1
DA:351,1
DA:357,6
DA:354,1
DA:355,1
DA:361,6
DA:358,1
DA:359,1
DA:365,6
DA:362,1
DA:363,1
DA:369,6
DA:366,1
DA:367,1
DA:373,6
DA:370,1
DA:371,1
DA:377,6
DA:374,1
DA:375,1
DA:381,6
DA:378,1
DA:379,1
DA:385,6
DA:382,1
DA:383,1
DA:389,6
DA:386,1
DA:387,1
DA:393,6
DA:390,1
DA:391,1
DA:397,6
DA:394,1
DA:395,1
DA:401,6
DA:398,1
DA:399,1
DA:405,6
DA:402,1
DA:403,1
DA:409,6
DA:406,1
DA:407,1
DA:413,6
DA:410,1
DA:411,1
DA:417,6
DA:414,1
DA:415,1
DA:421,6
DA:418,1
DA:419,1
DA:425,6
DA:422,1
DA:423,1
DA:429,6
DA:426,1
DA:427,1
DA:433,6
DA:430,1
DA:431,1
DA:437,6
DA:434,1
DA:435,1
DA:441,6
DA:438,1
DA:439,1
DA:445,6
DA:442,1
DA:443,1
DA:449,6
DA:446,1
DA:447,1
DA:453,6
DA:450,1
DA:451,1
DA:457,6
DA:454,1
DA:455,1
DA:461,6
DA:458,1
DA:459,1
DA:465,6
DA:462,1
DA:463,1
DA:469,6
DA:466,1
DA:467,1
DA:473,6
DA:470,1
DA:471,1
DA:477,6
DA:474,1
DA:475,1
DA:481,6
DA:478,1
DA:479,1
DA:485,6
DA:482,1
DA:483,1
DA:489,6
DA:486,1
DA:487,1
DA:493,6
DA:490,1
DA:491,1
DA:497,6
DA:494,1
DA:495,1
DA:501,6
DA:498,1
DA:499,1
DA:505,6
DA:502,1
DA:503,1
DA:509,6
DA:506,1
DA:507,1
DA:513,6
DA:510,1
DA:511,1
DA:517,6
DA:514,1
DA:515,1
DA:521,6
DA:518,1
DA:519,1
DA:525,6
DA:522,1
DA:523,1
DA:529,6
DA:526,1
DA:527,1
DA:533,6
DA:530,1
DA:531,1
DA:537,6
DA:534,1
DA:535,1
DA:541,6
DA:538,1
DA:539,1
DA:545,6
DA:542,1
DA:543,1
DA:549,6
DA:546,1
DA:547,1
DA:553,6
DA:550,1
DA:551,1
DA:557,6
DA:554,1
DA:555,1
DA:561,6
DA:558,1
DA:559,1
DA:565,6
DA:562,1
DA:563,1
DA:569,6
DA:566,1
DA:567,1
DA:573,6
DA:570,1
DA:571,1
DA:577,6
DA:574,1
DA:575,1
DA:581,6
DA:578,1
DA:579,1
DA:585,6
DA:582,1
DA:583,1
DA:589,6
DA:586,1
DA:587,1
DA:593,6
DA:590,1
DA:591,1
DA:597,6
DA:594,1
DA:595,1
DA:601,6
DA:598,1
DA:599,1
DA:605,6
DA:602,1
DA:603,1
DA:609,6
DA:606,1
DA:607,1
DA:613,6
DA:610,1
DA:611,1
DA:617,6
DA:614,1
DA:615,1
DA:621,6
DA:618,1
DA:619,1
DA:625,6
DA:622,1
DA:623,1
DA:629,6
DA:626,1
DA:627,1
DA:633,6
DA:630,1
DA:631,1
DA:637,6
DA:634,1
DA:635,1
DA:641,6
DA:638,1
DA:639,1
DA:645,6
DA:642,1
DA:643,1
DA:649,6
DA:646,1
DA:647,1
DA:653,6
DA:650,1
DA:651,1
DA:657,6
DA:654,1
DA:655,1
DA:661,6
DA:658,1
DA:659,1
DA:665,6
DA:662,1
DA:663,1
DA:669,6
DA:666,1
DA:667,1
DA:673,6
DA:670,1
DA:671,1
DA:677,6
DA:674,1
DA:675,1
DA:681,6
DA:678,1
DA:679,1
DA:685,6
DA:682,1
DA:683,1
DA:689,6
DA:686,1
DA:687,1
DA:693,6
DA:690,1
DA:691,1
DA:697,6
DA:694,1
DA:695,1
DA:701,6
DA:698,1
DA:699,1
DA:705,6
DA:702,1
DA:703,1
DA:709,6
DA:706,1
DA:707,1
DA:710,1
DA:711,1
DA:737,4
DA:715,20
DA:722,20
DA:716,2
DA:717,2
DA:718,2
DA:719,2
DA:728,20
DA:723,2
DA:724,2
DA:725,2
DA:729,2
DA:730,2
DA:731,2
DA:1289,4
DA:736,8
DA:762,4
DA:741,20
DA:748,20
DA:742,2
DA:743,2
DA:744,2
DA:745,2
DA:754,20
DA:749,2
DA:750,2
DA:751,2
DA:755,2
DA:1292,4
DA:761,8
DA:797,4
DA:766,20
DA:773,20
DA:767,2
DA:768,2
DA:769,2
DA:770,2
DA:774,2
DA:800,4
DA:780,20
DA:787,20
DA:781,2
DA:782,2
DA:783,2
DA:784,2
DA:788,2
DA:789,2
DA:790,2
DA:791,2
DA:1295,4
DA:796,8
DA:799,8
DA:821,4
DA:804,20
DA:811,20
DA:805,2
DA:806,2
DA:807,2
DA:808,2
DA:812,2
DA:813,2
DA:814,2
DA:815,2
DA:1300,4
DA:820,8
DA:867,4
DA:825,20
DA:832,20
DA:826,2
DA:827,2
DA:828,2
DA:829,2
DA:838,20
DA:833,2
DA:834,2
DA:835,2
DA:839,2
DA:870,4
DA:845,20
DA:852,20
DA:846,2
DA:847,2
DA:848,2
DA:849,2
DA:859,20
DA:853,2
DA:854,2
DA:855,2
DA:856,2
DA:860,2
DA:861,2
DA:1303,4
DA:866,8
DA:869,8
DA:916,4
DA:874,20
DA:881,20
DA:875,2
DA:876,2
DA:877,2
DA:878,2
DA:882,2
DA:883,2
DA:884,2
DA:885,2
DA:919,4
DA:890,20
DA:897,20
DA:891,2
DA:892,2
DA:893,2
DA:894,2
DA:903,20
DA:898,2
DA:899,2
DA:900,2
DA:908,20
DA:904,2
DA:909,2
DA:1306,4
DA:915,8
DA:918,8
DA:946,4
DA:923,20
DA:929,20
DA:924,2
DA:925,2
DA:926,2
DA:936,20
DA:930,2
DA:931,2
DA:932,2
DA:933,2
DA:937,2
DA:938,2
DA:939,2
DA:940,2
DA:1309,4
DA:945,8
DA:971,4
DA:950,20
DA:956,20
DA:951,2
DA:952,2
DA:953,2
DA:963,20
DA:957,2
DA:958,2
DA:959,2
DA:960,2
DA:964,2
DA:1312,4
DA:970,8
DA:1006,4
DA:975,20
DA:982,20
DA:976,2
DA:977,2
DA:978,2
DA:979,2
DA:989,20
DA:983,2
DA:984,2
DA:985,2
DA:986,2
DA:996,20
DA:990,2
DA:991,2
DA:992,2
DA:993,2
DA:997,2
DA:998,2
DA:999,2
DA:1000,2
DA:1317,4
DA:1005,8
DA:1054,4
DA:1010,20
DA:1017,20
DA:1011,2
DA:1012,2
DA:1013,2
DA:1014,2
DA:1022,20
DA:1018,2
DA:1023,2
DA:1024,2
DA:1025,2
DA:1026,2
DA:1057,4
DA:1031,20
DA:1037,20
DA:1032,2
DA:1033,2
DA:1034,2
DA:1044,20
DA:1038,2
DA:1039,2
DA:1040,2
DA:1041,2
DA:1045,2
DA:1046,2
DA:1047,2
DA:1048,2
DA:1320,4
DA:1053,8
DA:1056,8
DA:1083,4
DA:1061,20
DA:1066,20
DA:1062,2
DA:1073,20
DA:1067,2
DA:1068,2
DA:1069,2
DA:1070,2
DA:1074,2
DA:1075,2
DA:1076,2
DA:1077,2
DA:1325,4
DA:1082,8
DA:1134,4
DA:1087,20
DA:1094,20
DA:1088,2
DA:1089,2
DA:1090,2
DA:1091,2
DA:1101,20
DA:1095,2
DA:1096,2
DA:1097,2
DA:1098,2
DA:1102,2
DA:1103,2
DA:1104,2
DA:1105,2
DA:1137,4
DA:1110,20
DA:1117,20
DA:1111,2
DA:1112,2
DA:1113,2
DA:1114,2
DA:1124,20
DA:1118,2
DA:1119,2
DA:1120,2
DA:1121,2
DA:1125,2
DA:1126,2
DA:1127,2
DA:1128,2
DA:1328,4
DA:1133,8
DA:1136,8
DA:1169,4
DA:1141,20
DA:1147,20
DA:1142,2
DA:1143,2
DA:1144,2
DA:1152,20
DA:1148,2
DA:1149,2
DA:1159,20
DA:1153,2
DA:1154,2
DA:1155,2
DA:1156,2
DA:1160,2
DA:1161,2
DA:1162,2
DA:1163,2
DA:1333,4
DA:1168,8
DA:1216,4
DA:1173,20
DA:1180,20
DA:1174,2
DA:1175,2
DA:1176,2
DA:1177,2
DA:1186,20
DA:1181,2
DA:1182,2
DA:1183,2
DA:1187,2
DA:1188,2
DA:1189,2
DA:1190,2
DA:1219,4
DA:1195,20
DA:1202,20
DA:1196,2
DA:1197,2
DA:1198,2
DA:1199,2
DA:1207,20
DA:1203,2
DA:1208,2
DA:1209,2
DA:1210,2
DA:1336,4
DA:1215,8
DA:1218,8
DA:1240,4
DA:1223,20
DA:1230,20
DA:1224,2
DA:1225,2
DA:1226,2
DA:1227,2
DA:1231,2
DA:1232,2
DA:1233,2
DA:1234,2
DA:1339,4
DA:1239,8
DA:1253,4
DA:1244,20
DA:1245,2
DA:1246,2
DA:1247,2
DA:1342,4
DA:1252,8
DA:1280,4
DA:1257,20
DA:1264,20
DA:1258,2
DA:1259,2
DA:1260,2
DA:1261,2
DA:1271,20
DA:1265,2
DA:1266,2
DA:1267,2
DA:1268,2
DA:1272,2
DA:1273,2
DA:1274,2
DA:1345,4
DA:1279,8
DA:1362,3
DA:1285,2
DA:1287,8
DA:1298,8
DA:1288,8
DA:1291,8
DA:1294,8
DA:1315,8
DA:1299,8
DA:1302,8
DA:1305,8
DA:1308,8
DA:1311,8
DA:1323,8
DA:1316,8
DA:1319,8
DA:1331,8
DA:1324,8
DA:1327,8
DA:1332,8
DA:1335,8
DA:1338,8
DA:1341,8
DA:1344,8
DA:1354,3
DA:1357,2
DA:1358,2
DA:1360,20
DA:1361,0
DA:118,1
DA:280,1
DA:281,1
DA:282,1
DA:283,1
DA:284,1
DA:285,1
DA:286,1
DA:287,1
DA:288,1
DA:289,1
DA:290,1
DA:291,1
DA:292,1
DA:293,1
DA:294,1
DA:295,1
DA:296,1
DA:297,1
DA:298,1
DA:299,1
DA:300,1
DA:301,1
DA:302,1
DA:303,1
DA:304,1
DA:305,1
DA:306,1
DA:307,1
DA:308,1
DA:309,1
end_of_record
